<?xml version="1.0" encoding="UTF-8"?>
<coverage generated="1656580850190" clover="3.2.0">
  <project timestamp="1656580850190" name="All files">
    <metrics statements="65" coveredstatements="65" conditionals="12" coveredconditionals="12" methods="2" coveredmethods="2" elements="79" coveredelements="79" complexity="0" loc="65" ncloc="65" packages="1" files="1" classes="1"/>
    <file name="fizzbuzz.js" path="C:\Users\david\Documents\GitHub\DavidLeonLiceoCoders22\Apuntes\Node\fizzbuzz\fizzbuzz.js">
      <metrics statements="65" coveredstatements="65" conditionals="12" coveredconditionals="12" methods="2" coveredmethods="2"/>
      <line num="1" count="1" type="stmt"/>
      <line num="2" count="1" type="stmt"/>
      <line num="3" count="1" type="stmt"/>
      <line num="4" count="1" type="stmt"/>
      <line num="5" count="1" type="stmt"/>
      <line num="6" count="1" type="stmt"/>
      <line num="7" count="512" type="cond" truecount="1" falsecount="0"/>
      <line num="8" count="512" type="cond" truecount="2" falsecount="0"/>
      <line num="9" count="510" type="stmt"/>
      <line num="10" count="510" type="stmt"/>
      <line num="11" count="510" type="stmt"/>
      <line num="12" count="510" type="cond" truecount="2" falsecount="0"/>
      <line num="13" count="475" type="stmt"/>
      <line num="14" count="475" type="stmt"/>
      <line num="15" count="475" type="stmt"/>
      <line num="16" count="475" type="cond" truecount="3" falsecount="0"/>
      <line num="17" count="221" type="stmt"/>
      <line num="18" count="221" type="stmt"/>
      <line num="19" count="221" type="stmt"/>
      <line num="20" count="221" type="cond" truecount="2" falsecount="0"/>
      <line num="21" count="169" type="stmt"/>
      <line num="22" count="169" type="stmt"/>
      <line num="23" count="169" type="stmt"/>
      <line num="24" count="169" type="stmt"/>
      <line num="25" count="169" type="stmt"/>
      <line num="26" count="169" type="stmt"/>
      <line num="27" count="512" type="stmt"/>
      <line num="28" count="1" type="stmt"/>
      <line num="29" count="1" type="cond" truecount="1" falsecount="0"/>
      <line num="30" count="1" type="cond" truecount="1" falsecount="0"/>
      <line num="31" count="501" type="stmt"/>
      <line num="32" count="501" type="stmt"/>
      <line num="33" count="1" type="stmt"/>
      <line num="34" count="1" type="stmt"/>
      <line num="35" count="1" type="stmt"/>
      <line num="36" count="1" type="stmt"/>
      <line num="37" count="1" type="stmt"/>
      <line num="38" count="1" type="stmt"/>
      <line num="39" count="1" type="stmt"/>
      <line num="40" count="1" type="stmt"/>
      <line num="41" count="1" type="stmt"/>
      <line num="42" count="1" type="stmt"/>
      <line num="43" count="1" type="stmt"/>
      <line num="44" count="1" type="stmt"/>
      <line num="45" count="1" type="stmt"/>
      <line num="46" count="1" type="stmt"/>
      <line num="47" count="1" type="stmt"/>
      <line num="48" count="1" type="stmt"/>
      <line num="49" count="1" type="stmt"/>
      <line num="50" count="1" type="stmt"/>
      <line num="51" count="1" type="stmt"/>
      <line num="52" count="1" type="stmt"/>
      <line num="53" count="1" type="stmt"/>
      <line num="54" count="1" type="stmt"/>
      <line num="55" count="1" type="stmt"/>
      <line num="56" count="1" type="stmt"/>
      <line num="57" count="1" type="stmt"/>
      <line num="58" count="1" type="stmt"/>
      <line num="59" count="1" type="stmt"/>
      <line num="60" count="1" type="stmt"/>
      <line num="61" count="1" type="stmt"/>
      <line num="62" count="1" type="stmt"/>
      <line num="63" count="1" type="stmt"/>
      <line num="64" count="1" type="stmt"/>
      <line num="65" count="1" type="stmt"/>
    </file>
  </project>
</coverage>
