TN:
SF:fizzbuzz.js
FN:7,fizzbuzz
FN:29,main
FNF:2
FNH:2
FNDA:512,fizzbuzz
FNDA:1,main
DA:1,1
DA:2,1
DA:3,1
DA:4,1
DA:5,1
DA:6,1
DA:7,512
DA:8,512
DA:9,510
DA:10,510
DA:11,510
DA:12,510
DA:13,475
DA:14,475
DA:15,475
DA:16,475
DA:17,221
DA:18,221
DA:19,221
DA:20,221
DA:21,169
DA:22,169
DA:23,169
DA:24,169
DA:25,169
DA:26,169
DA:27,512
DA:28,1
DA:29,1
DA:30,1
DA:31,501
DA:32,501
DA:33,1
DA:34,1
DA:35,1
DA:36,1
DA:37,1
DA:38,1
DA:39,1
DA:40,1
DA:41,1
DA:42,1
DA:43,1
DA:44,1
DA:45,1
DA:46,1
DA:47,1
DA:48,1
DA:49,1
DA:50,1
DA:51,1
DA:52,1
DA:53,1
DA:54,1
DA:55,1
DA:56,1
DA:57,1
DA:58,1
DA:59,1
DA:60,1
DA:61,1
DA:62,1
DA:63,1
DA:64,1
DA:65,1
LF:65
LH:65
BRDA:7,0,0,512
BRDA:8,1,0,2
BRDA:8,2,0,510
BRDA:12,3,0,35
BRDA:12,4,0,475
BRDA:16,5,0,339
BRDA:16,6,0,254
BRDA:16,7,0,221
BRDA:20,8,0,52
BRDA:20,9,0,169
BRDA:29,10,0,1
BRDA:30,11,0,501
BRF:12
BRH:12
end_of_record
